[debug] > Exec(early(addDefaultCommands), None, None)
[debug] > Exec(addDefaultCommands, None, None)
[debug] > Exec(early(initialize), None, None)
[debug] > Exec(initialize, None, None)
[debug] > Exec(early(addPluginSbtFile="""C:\Users\Matthew.L\AppData\Local\Temp\idea.sbt"""), None, None)
[debug] > Exec(addPluginSbtFile="""C:\Users\Matthew.L\AppData\Local\Temp\idea.sbt""", None, None)
[debug] > Exec(boot, None, None)
[debug] > Exec(writeSbtVersion, None, None)
[debug] > Exec(reload, None, None)
[debug] > Exec(sbtStashOnFailure, None, None)
[debug] > Exec(onFailure loadFailed, None, None)
[debug] > Exec(loadp, None, None)
[info] welcome to sbt 1.4.7 (Oracle Corporation Java 9.0.4)
[debug]       Load.loadUnit: plugins took 60.3797ms
[debug]       Load.loadUnit: defsScala took 0.2211ms
[debug] [Loading] Scanning directory C:\Users\Matthew.L\.sbt\1.0\plugins
[debug] [Loading] Found non-root projects 
[debug] [Loading] Done in C:\Users\Matthew.L\.sbt\1.0\plugins, returning: ()
[debug] deducing auto plugins based on known facts Set(Atom(sbt.plugins.CorePlugin)) and clauses Clauses(List(Clause(Atom(sbt.plugins.JvmPlugin),Set(Atom(sbt.plugins.IvyPlugin))), Clause(Atom(sbt.ScriptedPlugin),Set(Atom(sbt.plugins.JvmPlugin))), Clause(Atom(sbt.plugins.SbtPlugin),Set(Atom(sbt.ScriptedPlugin))), Clause(Atom(sbt.plugins.SemanticdbPlugin),Set(Atom(sbt.plugins.JvmPlugin))), Clause(Atom(sbt.plugins.JUnitXmlReportPlugin),Set(Atom(sbt.plugins.JvmPlugin))), Clause(Atom(sbt.plugins.MiniDependencyTreePlugin),Set(Atom(sbt.plugins.JvmPlugin))), Clause(Atom(sbt.plugins.CorePlugin),Set(Atom(sbt.plugins.IvyPlugin))), Clause(Atom(sbt.plugins.IvyPlugin),Set(Atom(sbt.plugins.JvmPlugin))), Clause(Atom(sbt.plugins.JvmPlugin),Set(Atom(sbt.plugins.SemanticdbPlugin))), Clause(Atom(sbt.plugins.JvmPlugin),Set(Atom(sbt.plugins.JUnitXmlReportPlugin))), Clause(Atom(sbt.plugins.CorePlugin),Set(Atom(sbt.plugins.Giter8TemplatePlugin))), Clause(Atom(sbt.plugins.JvmPlugin),Set(Atom(sbt.plugins.MiniDependencyTreePlugin)))))
[debug]   :: deduced result: Matched(sbt.plugins.CorePlugin,sbt.plugins.Giter8TemplatePlugin,sbt.plugins.IvyPlugin,sbt.plugins.JvmPlugin,sbt.plugins.MiniDependencyTreePlugin,sbt.plugins.JUnitXmlReportPlugin,sbt.plugins.SemanticdbPlugin)
[debug] Plugins.deducer#function took 14.6124 ms
[debug]           Load.resolveProject(global-plugins) took 35.3486ms
[debug]         Load.loadTransitive: finalizeProject(Project(id global-plugins, base: C:\Users\Matthew.L\.sbt\1.0\plugins, plugins: List(<none>))) took 70.9199ms
[debug] [Loading] Done in C:\Users\Matthew.L\.sbt\1.0\plugins, returning: (global-plugins)
[debug]       Load.loadUnit: loadedProjectsRaw took 87.4592ms
[debug]       Load.loadUnit: cleanEvalClasses took 0.1878ms
[debug]     Load.loadUnit(file:/C:/Users/Matthew.L/.sbt/1.0/plugins/, ...) took 153.2938ms
[debug]   Load.apply: load took 283.1609ms
[debug]   Load.apply: resolveProjects took 4.5934ms
[debug]   Load.apply: finalTransforms took 47.9518ms
[debug]   Load.apply: config.delegates took 5.6268ms
[debug]   Load.apply: Def.make(settings)... took 300.6179ms
[debug]   Load.apply: structureIndex took 76.8498ms
[debug]   Load.apply: mkStreams took 1.2666ms
[info] loading global plugins from C:\Users\Matthew.L\.sbt\1.0\plugins
[debug] Running task... Cancel: Signal, check cycles: false, forcegc: true
[debug] Load.defaultLoad until apply took 1884.2599ms
[debug]           Load.loadUnit: plugins took 14.3825ms
[debug]           Load.loadUnit: defsScala took 0.0029ms
[debug] [Loading] Scanning directory C:\Users\Matthew.L\study\jedi\project
[debug]             Load.loadUnit: mkEval took 5.6118ms
[debug] [Loading] Found non-root projects 
[debug] [Loading] Done in C:\Users\Matthew.L\study\jedi\project, returning: ()
[debug] deducing auto plugins based on known facts Set(Atom(sbt.plugins.CorePlugin)) and clauses Clauses(List(Clause(Atom(sbt.plugins.JvmPlugin),Set(Atom(sbt.plugins.IvyPlugin))), Clause(Atom(sbt.ScriptedPlugin),Set(Atom(sbt.plugins.JvmPlugin))), Clause(Atom(sbt.plugins.SbtPlugin),Set(Atom(sbt.ScriptedPlugin))), Clause(Atom(sbt.plugins.SemanticdbPlugin),Set(Atom(sbt.plugins.JvmPlugin))), Clause(Atom(sbt.plugins.JUnitXmlReportPlugin),Set(Atom(sbt.plugins.JvmPlugin))), Clause(Atom(sbt.plugins.MiniDependencyTreePlugin),Set(Atom(sbt.plugins.JvmPlugin))), Clause(Atom(sbt.plugins.CorePlugin),Set(Atom(sbt.plugins.IvyPlugin))), Clause(Atom(sbt.plugins.IvyPlugin),Set(Atom(sbt.plugins.JvmPlugin))), Clause(Atom(sbt.plugins.JvmPlugin),Set(Atom(sbt.plugins.SemanticdbPlugin))), Clause(Atom(sbt.plugins.JvmPlugin),Set(Atom(sbt.plugins.JUnitXmlReportPlugin))), Clause(Atom(sbt.plugins.CorePlugin),Set(Atom(sbt.plugins.Giter8TemplatePlugin))), Clause(Atom(sbt.plugins.JvmPlugin),Set(Atom(sbt.plugins.MiniDependencyTreePlugin)))))
[debug]   :: deduced result: Matched(sbt.plugins.CorePlugin,sbt.plugins.Giter8TemplatePlugin,sbt.plugins.IvyPlugin,sbt.plugins.JvmPlugin,sbt.plugins.MiniDependencyTreePlugin,sbt.plugins.JUnitXmlReportPlugin,sbt.plugins.SemanticdbPlugin)
[debug] Plugins.deducer#function took 1.7884 ms
[info] loading settings for project jedi-build from idea.sbt ...
[debug]               Load.resolveProject(jedi-build) took 2.5349ms
[debug]             Load.loadTransitive: finalizeProject(Project(id jedi-build, base: C:\Users\Matthew.L\study\jedi\project, plugins: List(<none>))) took 4.7768ms
[debug] [Loading] Done in C:\Users\Matthew.L\study\jedi\project, returning: (jedi-build)
[debug]           Load.loadUnit: loadedProjectsRaw took 100.953ms
[debug]           Load.loadUnit: cleanEvalClasses took 3.0437ms
[debug]         Load.loadUnit(file:/C:/Users/Matthew.L/study/jedi/project/, ...) took 119.0193ms
[debug]       Load.apply: load took 119.9331ms
[debug]       Load.apply: resolveProjects took 0.0754ms
[debug]       Load.apply: finalTransforms took 8.0661ms
[debug]       Load.apply: config.delegates took 0.2799ms
[debug]       Load.apply: Def.make(settings)... took 59.3369ms
[debug]       Load.apply: structureIndex took 22.3197ms
[debug]       Load.apply: mkStreams took 0.0028ms
[info] loading project definition from C:\Users\Matthew.L\study\jedi\project
[debug] Running task... Cancel: Signal, check cycles: false, forcegc: true
[debug]     Load.loadUnit: plugins took 370.8957ms
[debug]     Load.loadUnit: defsScala took 0.0026ms
[debug] [Loading] Scanning directory C:\Users\Matthew.L\study\jedi
[debug]       Load.loadUnit: mkEval took 0.1838ms
[debug] [Loading] Found non-root projects 
[debug] [Loading] Done in C:\Users\Matthew.L\study\jedi, returning: ()
[debug] deducing auto plugins based on known facts Set(Atom(sbt.plugins.CorePlugin)) and clauses Clauses(List(Clause(Atom(sbt.plugins.JvmPlugin),Set(Atom(sbt.plugins.IvyPlugin))), Clause(Atom(sbt.ScriptedPlugin),Set(Atom(sbt.plugins.JvmPlugin))), Clause(Atom(sbt.plugins.SbtPlugin),Set(Atom(sbt.ScriptedPlugin))), Clause(Atom(sbt.plugins.SemanticdbPlugin),Set(Atom(sbt.plugins.JvmPlugin))), Clause(Atom(sbt.plugins.JUnitXmlReportPlugin),Set(Atom(sbt.plugins.JvmPlugin))), Clause(Atom(sbt.plugins.MiniDependencyTreePlugin),Set(Atom(sbt.plugins.JvmPlugin))), Clause(Atom(org.jetbrains.sbt.StructurePlugin),Set(Atom(sbt.plugins.JvmPlugin))), Clause(Atom(org.jetbrains.sbt.IdeaShellPlugin),Set(Atom(sbt.plugins.JvmPlugin))), Clause(Atom(org.jetbrains.sbt.indices.SbtIntellijIndicesPlugin),Set(Atom(sbt.plugins.JvmPlugin))), Clause(Atom(sbt.plugins.CorePlugin),Set(Atom(sbt.plugins.IvyPlugin))), Clause(Atom(sbt.plugins.IvyPlugin),Set(Atom(sbt.plugins.JvmPlugin))), Clause(Atom(sbt.plugins.JvmPlugin),Set(Atom(sbt.plugins.SemanticdbPlugin))), Clause(Atom(sbt.plugins.JvmPlugin),Set(Atom(sbt.plugins.JUnitXmlReportPlugin))), Clause(Atom(sbt.plugins.CorePlugin),Set(Atom(sbt.plugins.Giter8TemplatePlugin))), Clause(Atom(sbt.plugins.JvmPlugin),Set(Atom(sbt.plugins.MiniDependencyTreePlugin))), Clause(Atom(sbt.plugins.JvmPlugin),Set(Atom(org.jetbrains.sbt.StructurePlugin))), Clause(Atom(sbt.plugins.JvmPlugin),Set(Atom(org.jetbrains.sbt.IdeaShellPlugin))), Clause(And(Set(Atom(sbt.plugins.CorePlugin), Atom(sbt.plugins.JvmPlugin))),Set(Atom(org.jetbrains.sbt.indices.SbtIntellijIndicesPlugin)))))
[debug]   :: deduced result: Matched(sbt.plugins.CorePlugin,sbt.plugins.Giter8TemplatePlugin,sbt.plugins.IvyPlugin,sbt.plugins.JvmPlugin,sbt.plugins.SemanticdbPlugin,org.jetbrains.sbt.indices.SbtIntellijIndicesPlugin,sbt.plugins.JUnitXmlReportPlugin,org.jetbrains.sbt.IdeaShellPlugin,org.jetbrains.sbt.StructurePlugin,sbt.plugins.MiniDependencyTreePlugin)
[debug] Plugins.deducer#function took 1.8212 ms
[info] loading settings for project jedi from build.sbt ...
[debug]         Load.resolveProject(jedi) took 21.5244ms
[debug]       Load.loadTransitive: finalizeProject(Project(id jedi, base: C:\Users\Matthew.L\study\jedi, plugins: List(<none>))) took 24.2199ms
[debug] [Loading] Done in C:\Users\Matthew.L\study\jedi, returning: (jedi)
[debug]     Load.loadUnit: loadedProjectsRaw took 48.0536ms
[debug]     Load.loadUnit: cleanEvalClasses took 2.4625ms
[debug]   Load.loadUnit(file:/C:/Users/Matthew.L/study/jedi/, ...) took 421.8593ms
[debug] Load.apply: load took 423.1858ms
[debug] Load.apply: resolveProjects took 0.109ms
[debug] Load.apply: finalTransforms took 20.7651ms
[debug] Load.apply: config.delegates took 0.3311ms
[debug] Load.apply: Def.make(settings)... took 51.7797ms
[debug] Load.apply: structureIndex took 32.9693ms
[debug] Load.apply: mkStreams took 0.0024ms
[info] set current project to jedi (in build file:/C:/Users/Matthew.L/study/jedi/)
[debug] > Exec(sbtPopOnFailure, None, None)
[debug] > Exec(resumeFromFailure, None, None)
[debug] > Exec(notifyUsersAboutShell, None, None)
[debug] > Exec(iflast shell, None, None)
[debug] > Exec(; set ideaPort in Global := 5613 ; idea-shell, None, None)
[debug] > Exec(set ideaPort in Global := 5613, None, None)
[info] Defining Global / ideaPort
[info] The new value will be used by Compile / compile, Test / compile
[debug] Defining 
[debug] 	Global / ideaPort
[debug] 
[debug] The new value will be used by 
[debug] 	Compile / compile
[debug] 	Test / compile
[info] Reapplying settings...
[info] set current project to jedi (in build file:/C:/Users/Matthew.L/study/jedi/)
[debug] > Exec(idea-shell, None, None)
